19:27:53.735 [main] INFO  com.qa.opencart.tests.TC001_AccountRegistrationTest - ****** Started The Execution *****
19:27:56.359 [main] INFO  com.qa.opencart.tests.TC001_AccountRegistrationTest - ******* TC001_AccountRegistrationTest Execution Started *******
19:27:58.000 [main] INFO  com.qa.opencart.tests.TC001_AccountRegistrationTest - ******  The Execution Finshed *****
19:29:19.506 [main] INFO  org.testng.internal.Utils - [TestNG] Running:
  C:\Santhu Workspace\opencart-test-automation\HybridAutomationFramework\OpenCart\testng.xml

19:29:19.768 [main] INFO  com.qa.opencart.tests.TC001_AccountRegistrationTest - ****** Started The Execution *****
19:29:22.266 [main] INFO  com.qa.opencart.tests.TC001_AccountRegistrationTest - ******* TC001_AccountRegistrationTest Execution Started *******
19:29:28.714 [main] INFO  com.qa.opencart.tests.TC001_AccountRegistrationTest - ******  The Execution Finshed *****
19:30:11.158 [main] INFO  org.testng.internal.Utils - [TestNG] Running:
  C:\Santhu Workspace\opencart-test-automation\HybridAutomationFramework\OpenCart\testng.xml

19:30:11.420 [main] INFO  com.qa.opencart.tests.TC001_AccountRegistrationTest - ****** Started The Execution *****
19:30:13.797 [main] INFO  com.qa.opencart.tests.TC001_AccountRegistrationTest - ******* TC001_AccountRegistrationTest Execution Started *******
19:30:20.103 [main] INFO  com.qa.opencart.tests.TC001_AccountRegistrationTest - ******* Account Created Successfully *******
19:30:20.437 [main] INFO  com.qa.opencart.tests.TC001_AccountRegistrationTest - ******  The Execution Finshed *****
19:31:08.910 [main] INFO  org.testng.internal.Utils - [TestNG] Running:
  C:\Santhu Workspace\opencart-test-automation\HybridAutomationFramework\OpenCart\testng.xml

19:31:09.172 [main] INFO  com.qa.opencart.tests.TC001_AccountRegistrationTest - ****** Started The Execution *****
19:31:11.376 [main] INFO  com.qa.opencart.tests.TC001_AccountRegistrationTest - ******* TC001_AccountRegistrationTest Execution Started *******
19:31:12.829 [main] INFO  com.qa.opencart.tests.TC001_AccountRegistrationTest - ******  The Execution Finshed *****
19:34:21.860 [main] INFO  org.testng.internal.Utils - [TestNG] Running:
  C:\Santhu Workspace\opencart-test-automation\HybridAutomationFramework\OpenCart\testng.xml

19:34:22.030 [main] INFO  com.qa.opencart.tests.TC001_AccountRegistrationTest - ****** Started The Execution *****
19:34:23.567 [main] INFO  com.qa.opencart.tests.TC001_AccountRegistrationTest - ******* TC001_AccountRegistrationTest Execution Started *******
19:34:24.529 [main] INFO  com.qa.opencart.tests.TC001_AccountRegistrationTest - ******  The Execution Finshed *****
19:35:46.897 [main] INFO  org.testng.internal.Utils - [TestNG] Running:
  C:\Santhu Workspace\opencart-test-automation\HybridAutomationFramework\OpenCart\testng.xml

19:35:47.072 [main] INFO  com.qa.opencart.tests.TC001_AccountRegistrationTest - ****** Started The Execution *****
19:35:48.736 [main] INFO  com.qa.opencart.tests.TC001_AccountRegistrationTest - ******* TC001_AccountRegistrationTest Execution Started *******
19:35:49.611 [main] INFO  com.qa.opencart.tests.TC001_AccountRegistrationTest - ******  The Execution Finshed *****
19:39:38.067 [main] INFO  org.testng.internal.Utils - [TestNG] Running:
  C:\Santhu Workspace\opencart-test-automation\HybridAutomationFramework\OpenCart\testng.xml

19:39:38.235 [main] INFO  com.qa.opencart.tests.TC001_AccountRegistrationTest - ****** Started The Execution *****
19:39:39.902 [main] INFO  com.qa.opencart.tests.TC001_AccountRegistrationTest - ******* TC001_AccountRegistrationTest Execution Started *******
19:39:40.835 [main] INFO  com.qa.opencart.tests.TC001_AccountRegistrationTest - ******  The Execution Finshed *****
19:40:38.104 [main] INFO  org.testng.internal.Utils - [TestNG] Running:
  C:\Santhu Workspace\opencart-test-automation\HybridAutomationFramework\OpenCart\testng.xml

19:40:38.278 [main] INFO  com.qa.opencart.tests.TC001_AccountRegistrationTest - ****** Started The Execution *****
19:40:39.796 [main] INFO  com.qa.opencart.tests.TC001_AccountRegistrationTest - ******* TC001_AccountRegistrationTest Execution Started *******
19:40:42.437 [main] INFO  com.qa.opencart.tests.TC001_AccountRegistrationTest - ******* Account Created Successfully *******
19:40:42.587 [main] INFO  com.qa.opencart.tests.TC001_AccountRegistrationTest - ******  The Execution Finshed *****
19:41:09.219 [main] INFO  org.testng.internal.Utils - [TestNG] Running:
  C:\Santhu Workspace\opencart-test-automation\HybridAutomationFramework\OpenCart\testng.xml

19:41:09.410 [main] INFO  com.qa.opencart.tests.TC001_AccountRegistrationTest - ****** Started The Execution *****
19:41:10.934 [main] INFO  com.qa.opencart.tests.TC001_AccountRegistrationTest - ******* TC001_AccountRegistrationTest Execution Started *******
19:41:12.589 [main] INFO  com.qa.opencart.tests.TC001_AccountRegistrationTest - ******* Account Created Successfully *******
19:41:12.710 [main] INFO  com.qa.opencart.tests.TC001_AccountRegistrationTest - ******  The Execution Finshed *****
