20:03:12.138 [main] INFO  org.testng.internal.Utils - [TestNG] Running:
  C:\Santhu Workspace\opencart-test-automation\HybridAutomationFramework\OpenCart\testng.xml

20:03:12.331 [main] INFO  com.qa.opencart.tests.TC004_GetLinkText - ****** Started The Execution *****
20:03:13.940 [main] INFO  com.qa.opencart.tests.TC004_GetLinkText - ******** TC004_GetLinkText Execution Started *****
20:03:14.715 [main] INFO  com.qa.opencart.tests.TC004_GetLinkText - ******  The Execution Finshed *****
20:07:03.041 [main] INFO  org.testng.internal.Utils - [TestNG] Running:
  C:\Santhu Workspace\opencart-test-automation\HybridAutomationFramework\OpenCart\testng.xml

20:07:03.222 [main] INFO  com.qa.opencart.tests.TC004_GetLinkText - ****** Started The Execution *****
20:07:04.862 [main] INFO  com.qa.opencart.tests.TC004_GetLinkText - ******** TC004_GetLinkText Execution Started *****
20:07:05.879 [main] INFO  com.qa.opencart.tests.TC004_GetLinkText - ******  The Execution Finshed *****
20:12:21.978 [main] INFO  org.testng.internal.Utils - [TestNG] Running:
  C:\Santhu Workspace\opencart-test-automation\HybridAutomationFramework\OpenCart\testng.xml

20:12:22.174 [main] INFO  com.qa.opencart.tests.TC004_GetLinkText - ****** Started The Execution *****
20:12:23.965 [main] INFO  com.qa.opencart.tests.TC004_GetLinkText - ******** TC004_GetLinkText Execution Started *****
20:12:25.355 [main] INFO  com.qa.opencart.tests.TC004_GetLinkText - ******  The Execution Finshed *****
20:21:38.746 [main] INFO  org.testng.internal.Utils - [TestNG] Running:
  C:\Santhu Workspace\opencart-test-automation\HybridAutomationFramework\OpenCart\testng.xml

20:21:38.921 [main] INFO  com.qa.opencart.tests.TC004_GetLinkText - ****** Started The Execution *****
20:21:41.352 [main] INFO  com.qa.opencart.tests.TC004_GetLinkText - ******** TC004_GetLinkText Execution Started *****
20:21:42.425 [main] INFO  com.qa.opencart.tests.TC004_GetLinkText - ******  The Execution Finshed *****
20:22:16.357 [main] INFO  org.testng.internal.Utils - [TestNG] Running:
  C:\Santhu Workspace\opencart-test-automation\HybridAutomationFramework\OpenCart\testng.xml

20:22:16.531 [main] INFO  com.qa.opencart.tests.TC004_GetLinkText - ****** Started The Execution *****
20:22:18.074 [main] INFO  com.qa.opencart.tests.TC004_GetLinkText - ******** TC004_GetLinkText Execution Started *****
20:22:19.310 [main] INFO  com.qa.opencart.tests.TC004_GetLinkText - ******  The Execution Finshed *****
